<?xml version="1.0" encoding="UTF-8"?>
<!-- Generated by org.testng.reporters.JUnitReportReporter -->
<testsuite hostname="Kalyan_Kumar" failures="0" tests="2" name="Base.workingwithassertswithexample" time="0.027" errors="0" timestamp="2023-06-05T16:27:52 IST" skipped="0">
  <testcase classname="Base.workingwithassertswithexample" name="login" time="0.020"/>
  <system-out/>
  <testcase classname="Base.workingwithassertswithexample" name="homepage" time="0.007"/>
  <system-out/>
</testsuite> <!-- Base.workingwithassertswithexample -->
