<?xml version="1.0" encoding="UTF-8"?>
<!-- Generated by org.testng.reporters.JUnitReportReporter -->
<testsuite hostname="Kalyan_Kumar" failures="0" tests="1" name="Base.workingwithAsserts" time="1.159" errors="0" timestamp="2023-06-05T16:18:04 IST" skipped="0">
  <testcase classname="Base.workingwithAsserts" name="urlTest" time="1.159"/>
  <system-out/>
</testsuite> <!-- Base.workingwithAsserts -->
